Registering entropy-0.3.2...
ed\msys64\home\smills\Hask\bunnyluv\.cabal-sandbox\x86_64-windows-ghc-7.8.3\entropy-0.3.2
.EntropyWindows ( System\EntropyWindows.hs, dist\dist-sandbox-abbcc9d7\build\System\EntropyWindows.o )

System\EntropyWindows.hs:74:1: Warning:
    the 'stdcall' calling convention is unsupported on this platform,
    treating as ccall
    When checking declaration:
      foreign import stdcall unsafe "static CryptAcquireContextA" c_cryptAcquireCtx
        :: Ptr Word32 -> CString -> CString -> Word32 -> Word32 -> IO Int32

System\EntropyWindows.hs:76:1: Warning:
    the 'stdcall' calling convention is unsupported on this platform,
    treating as ccall
    When checking declaration:
      foreign import stdcall unsafe "static CryptGenRandom" c_cryptGenRandom
        :: Word32 -> Word32 -> Ptr Word8 -> IO Int32

System\EntropyWindows.hs:78:1: Warning:
    the 'stdcall' calling convention is unsupported on this platform,
    treating as ccall
    When checking declaration:
      foreign import stdcall unsafe "static CryptReleaseContext" c_cryptReleaseCtx
        :: Word32 -> Word32 -> IO Int32
[2 of 2] Compiling System.Entropy   ( System\Entropy.hs, dist\dist-sandbox-abbcc9d7\build\System\Entropy.o )
In-place registering entropy-0.3.2...
