Registering xml-conduit-1.2.1...
sys64\home\smills\Hask\bunnyluv\.cabal-sandbox\x86_64-windows-ghc-7.8.3\xml-conduit-1.2.1
XML\Cursor\Generic.hs, dist\dist-sandbox-abbcc9d7\build\Text\XML\Cursor\Generic.o )
[2 of 7] Compiling Text.XML.Stream.Token ( Text\XML\Stream\Token.hs, dist\dist-sandbox-abbcc9d7\build\Text\XML\Stream\Token.o )
[3 of 7] Compiling Text.XML.Stream.Render ( Text\XML\Stream\Render.hs, dist\dist-sandbox-abbcc9d7\build\Text\XML\Stream\Render.o )

Text\XML\Stream\Render.hs:28:1: Warning:
    The import of `Data.ByteString' is redundant
      except perhaps to import instances from `Data.ByteString'
    To import instances alone, use: import Data.ByteString()

Text\XML\Stream\Render.hs:36:1: Warning:
    The import of `Control.Monad.Trans.Resource' is redundant
      except perhaps to import instances from `Control.Monad.Trans.Resource'
    To import instances alone, use: import Control.Monad.Trans.Resource()

Text\XML\Stream\Render.hs:44:1: Warning:
    Top-level binding with no type signature:
      renderBytes :: forall (m :: * -> *) (base :: * -> *).
                     (transformers-base-0.4.2:Control.Monad.Base.MonadBase base m,
                      primitive-0.5.3.0:Control.Monad.Primitive.PrimMonad base) =>
                     RenderSettings -> ConduitM Event ByteString m ()

Text\XML\Stream\Render.hs:53:1: Warning:
    Top-level binding with no type signature:
      renderText :: forall (m :: * -> *) (base :: * -> *).
                    (MonadThrow m,
                     transformers-base-0.4.2:Control.Monad.Base.MonadBase base m,
                     primitive-0.5.3.0:Control.Monad.Primitive.PrimMonad base) =>
                    RenderSettings -> ConduitM Event Text m ()
[4 of 7] Compiling Text.XML.Stream.Parse ( Text\XML\Stream\Parse.hs, dist\dist-sandbox-abbcc9d7\build\Text\XML\Stream\Parse.o )
[5 of 7] Compiling Text.XML.Unresolved ( Text\XML\Unresolved.hs, dist\dist-sandbox-abbcc9d7\build\Text\XML\Unresolved.o )

Text\XML\Unresolved.hs:129:1: Warning:
    Top-level binding with no type signature:
      renderBytes :: forall a (m :: * -> *) (base :: * -> *).
                     (transformers-base-0.4.2:Control.Monad.Base.MonadBase base m,
                      primitive-0.5.3.0:Control.Monad.Primitive.PrimMonad base) =>
                     R.RenderSettings -> Document -> ConduitM a ByteString m ()

Text\XML\Unresolved.hs:132:1: Warning:
    Top-level binding with no type signature:
      renderText :: forall a (m :: * -> *) (base :: * -> *).
                    (MonadThrow m,
                     transformers-base-0.4.2:Control.Monad.Base.MonadBase base m,
                     primitive-0.5.3.0:Control.Monad.Primitive.PrimMonad base) =>
                    R.RenderSettings -> Document -> ConduitM a Text m ()
[6 of 7] Compiling Text.XML         ( Text\XML.hs, dist\dist-sandbox-abbcc9d7\build\Text\XML.o )

Text\XML.hs:112:1: Warning:
    The import of `Control.Monad.Trans.Resource' is redundant
      except perhaps to import instances from `Control.Monad.Trans.Resource'
    To import instances alone, use: import Control.Monad.Trans.Resource()

Text\XML.hs:285:1: Warning:
    Top-level binding with no type signature:
      renderBytes :: forall a (m :: * -> *) (base :: * -> *).
                     (transformers-base-0.4.2:Control.Monad.Base.MonadBase base m,
                      primitive-0.5.3.0:Control.Monad.Primitive.PrimMonad base) =>
                     R.RenderSettings -> Document -> ConduitM a ByteString m ()
[7 of 7] Compiling Text.XML.Cursor  ( Text\XML\Cursor.hs, dist\dist-sandbox-abbcc9d7\build\Text\XML\Cursor.o )
In-place registering xml-conduit-1.2.1...
